[01-Oct-2020 12:14:06 Europe/Berlin] 4 Domain file "../lang/C/LC_MESSAGES/C.po" not found.
[01-Oct-2020 12:14:46 Europe/Berlin] 4 Domain file "../lang/C/LC_MESSAGES/C.po" not found.
[01-Oct-2020 12:14:52 Europe/Berlin] 4 Domain file "../lang/C/LC_MESSAGES/C.po" not found.
[01-Oct-2020 12:15:25 Europe/Berlin] 4 Domain file "../lang/C/LC_MESSAGES/C.po" not found.
[01-Oct-2020 12:15:34 Europe/Berlin] 4 Domain file "../lang/C/LC_MESSAGES/C.po" not found.
[01-Oct-2020 12:16:26 Europe/Berlin] 4 Domain file "../lang/C/LC_MESSAGES/C.po" not found.
[01-Oct-2020 12:16:33 Europe/Berlin] 4 Domain file "../lang/C/LC_MESSAGES/C.po" not found.
[01-Oct-2020 12:16:36 Europe/Berlin] 4 Domain file "../lang/C/LC_MESSAGES/C.po" not found.
[01-Oct-2020 12:16:45 Europe/Berlin] 4 Domain file "../lang/C/LC_MESSAGES/C.po" not found.
[01-Oct-2020 12:17:06 Europe/Berlin] 4 Domain file "../lang/C/LC_MESSAGES/C.po" not found.
[01-Oct-2020 13:05:32 Europe/Berlin] 4 Domain file "./lang/C/LC_MESSAGES/C.po" not found.
[01-Oct-2020 13:05:38 Europe/Berlin] 4 Domain file "./lang/C/LC_MESSAGES/C.po" not found.
[01-Oct-2020 13:05:38 Europe/Berlin] 4 Domain file "./lang/C/LC_MESSAGES/C.po" not found.
[01-Oct-2020 13:05:38 Europe/Berlin] 4 Domain file "./lang/C/LC_MESSAGES/C.po" not found.
[01-Oct-2020 13:05:38 Europe/Berlin] 4 Domain file "./lang/C/LC_MESSAGES/C.po" not found.
[01-Oct-2020 13:05:48 Europe/Berlin] 4 Domain file "./lang/C/LC_MESSAGES/C.po" not found.
[01-Oct-2020 13:05:51 Europe/Berlin] 4 Domain file "../lang/C/LC_MESSAGES/C.po" not found.
[01-Oct-2020 13:15:01 Europe/Berlin] 4 Domain file "../lang/C/LC_MESSAGES/C.po" not found.
[01-Oct-2020 13:15:32 Europe/Berlin] 4 Domain file "../lang/C/LC_MESSAGES/C.po" not found.
[01-Oct-2020 13:15:33 Europe/Berlin] 4 Domain file "../lang/C/LC_MESSAGES/C.po" not found.
[01-Oct-2020 13:15:35 Europe/Berlin] 4 Domain file "../lang/C/LC_MESSAGES/C.po" not found.
[01-Oct-2020 13:15:35 Europe/Berlin] 0:admin:sales_order_entry.php:493: key() expects parameter 1 to be array, integer given
[01-Oct-2020 13:15:35 Europe/Berlin] 4 Domain file "../lang/C/LC_MESSAGES/C.po" not found.
[01-Oct-2020 13:16:21 Europe/Berlin] 4 Domain file "../lang/C/LC_MESSAGES/C.po" not found.
[01-Oct-2020 13:16:23 Europe/Berlin] 4 Domain file "../lang/C/LC_MESSAGES/C.po" not found.
[01-Oct-2020 13:16:27 Europe/Berlin] 4 Domain file "../lang/C/LC_MESSAGES/C.po" not found.
[01-Oct-2020 13:16:27 Europe/Berlin] 0:admin:sales_order_entry.php:493: key() expects parameter 1 to be array, integer given
[01-Oct-2020 13:16:27 Europe/Berlin] 4 Domain file "../lang/C/LC_MESSAGES/C.po" not found.
[01-Oct-2020 13:17:41 Europe/Berlin] 4 Domain file "../lang/C/LC_MESSAGES/C.po" not found.
[01-Oct-2020 13:22:02 Europe/Berlin] 4 Domain file "../lang/C/LC_MESSAGES/C.po" not found.
[01-Oct-2020 13:22:07 Europe/Berlin] 4 Domain file "../lang/C/LC_MESSAGES/C.po" not found.
[01-Oct-2020 13:22:07 Europe/Berlin] 4 Domain file "../lang/C/LC_MESSAGES/C.po" not found.
[01-Oct-2020 13:22:21 Europe/Berlin] 4 Domain file "../lang/C/LC_MESSAGES/C.po" not found.
[01-Oct-2020 13:22:24 Europe/Berlin] 4 Domain file "../lang/C/LC_MESSAGES/C.po" not found.
[01-Oct-2020 13:29:48 Europe/Berlin] 4 Domain file "../lang/C/LC_MESSAGES/C.po" not found.
[01-Oct-2020 13:29:50 Europe/Berlin] 4 Domain file "../lang/C/LC_MESSAGES/C.po" not found.
[01-Oct-2020 13:29:52 Europe/Berlin] 4 Domain file "../lang/C/LC_MESSAGES/C.po" not found.
[01-Oct-2020 13:29:52 Europe/Berlin] 0:admin:sales_order_entry.php:493: key() expects parameter 1 to be array, integer given
[01-Oct-2020 13:29:52 Europe/Berlin] 4 Domain file "../lang/C/LC_MESSAGES/C.po" not found.
[01-Oct-2020 13:30:09 Europe/Berlin] 4 Domain file "../lang/C/LC_MESSAGES/C.po" not found.
[01-Oct-2020 13:30:11 Europe/Berlin] 4 Domain file "../lang/C/LC_MESSAGES/C.po" not found.
[01-Oct-2020 13:30:12 Europe/Berlin] 4 Domain file "../lang/C/LC_MESSAGES/C.po" not found.
[01-Oct-2020 13:30:12 Europe/Berlin] 0:admin:sales_order_entry.php:493: key() expects parameter 1 to be array, integer given
[01-Oct-2020 13:30:13 Europe/Berlin] 4 Domain file "../lang/C/LC_MESSAGES/C.po" not found.
[01-Oct-2020 13:30:29 Europe/Berlin] 4 Domain file "../lang/C/LC_MESSAGES/C.po" not found.
[01-Oct-2020 13:30:30 Europe/Berlin] 4 Domain file "../lang/C/LC_MESSAGES/C.po" not found.
[01-Oct-2020 13:30:32 Europe/Berlin] 4 Domain file "../lang/C/LC_MESSAGES/C.po" not found.
[01-Oct-2020 13:30:33 Europe/Berlin] 4 Domain file "../lang/C/LC_MESSAGES/C.po" not found.
[01-Oct-2020 13:32:54 Europe/Berlin] 4 Domain file "../lang/C/LC_MESSAGES/C.po" not found.
[01-Oct-2020 13:32:57 Europe/Berlin] 4 Domain file "../lang/C/LC_MESSAGES/C.po" not found.
[01-Oct-2020 13:32:58 Europe/Berlin] 4 Domain file "../lang/C/LC_MESSAGES/C.po" not found.
[01-Oct-2020 13:33:00 Europe/Berlin] 4 Domain file "../lang/C/LC_MESSAGES/C.po" not found.
[01-Oct-2020 13:33:00 Europe/Berlin] 0:admin:sales_order_entry.php:493: key() expects parameter 1 to be array, integer given
[01-Oct-2020 13:33:00 Europe/Berlin] 4 Domain file "../lang/C/LC_MESSAGES/C.po" not found.
[01-Oct-2020 13:38:16 Europe/Berlin] 4 Domain file "../lang/C/LC_MESSAGES/C.po" not found.
[01-Oct-2020 13:38:18 Europe/Berlin] 4 Domain file "../lang/C/LC_MESSAGES/C.po" not found.
[01-Oct-2020 13:38:22 Europe/Berlin] 4 Domain file "../lang/C/LC_MESSAGES/C.po" not found.
[01-Oct-2020 13:38:23 Europe/Berlin] 4 Domain file "../lang/C/LC_MESSAGES/C.po" not found.
[01-Oct-2020 13:40:32 Europe/Berlin] 4 Domain file "../lang/C/LC_MESSAGES/C.po" not found.
[01-Oct-2020 13:40:34 Europe/Berlin] 4 Domain file "../lang/C/LC_MESSAGES/C.po" not found.
[01-Oct-2020 13:40:36 Europe/Berlin] 4 Domain file "../lang/C/LC_MESSAGES/C.po" not found.
[01-Oct-2020 13:40:40 Europe/Berlin] 4 Domain file "../lang/C/LC_MESSAGES/C.po" not found.
[01-Oct-2020 13:40:42 Europe/Berlin] 4 Domain file "../lang/C/LC_MESSAGES/C.po" not found.
[01-Oct-2020 13:40:42 Europe/Berlin] 0:admin:sales_order_entry.php:747: Unhandled exception [0]: Call to a member function is_started() on null.
[01-Oct-2020 13:43:59 Europe/Berlin] 4 Domain file "../lang/C/LC_MESSAGES/C.po" not found.
[01-Oct-2020 13:44:01 Europe/Berlin] 4 Domain file "../lang/C/LC_MESSAGES/C.po" not found.
[01-Oct-2020 13:44:03 Europe/Berlin] 4 Domain file "../lang/C/LC_MESSAGES/C.po" not found.
[01-Oct-2020 13:44:03 Europe/Berlin] This is a test error message!
[01-Oct-2020 13:44:03 Europe/Berlin] 0:admin:sales_order_entry.php:748: Unhandled exception [0]: Call to a member function is_started() on null.
[01-Oct-2020 13:46:30 Europe/Berlin] 4 Domain file "../lang/C/LC_MESSAGES/C.po" not found.
[01-Oct-2020 13:46:32 Europe/Berlin] 4 Domain file "../lang/C/LC_MESSAGES/C.po" not found.
[01-Oct-2020 13:46:33 Europe/Berlin] 4 Domain file "../lang/C/LC_MESSAGES/C.po" not found.
[01-Oct-2020 13:46:33 Europe/Berlin] 32
[01-Oct-2020 13:46:33 Europe/Berlin] 0:admin:sales_order_entry.php:748: Unhandled exception [0]: Call to a member function is_started() on null.
[01-Oct-2020 13:46:58 Europe/Berlin] 4 Domain file "../lang/C/LC_MESSAGES/C.po" not found.
[01-Oct-2020 13:46:59 Europe/Berlin] 4 Domain file "../lang/C/LC_MESSAGES/C.po" not found.
[01-Oct-2020 13:47:01 Europe/Berlin] 4 Domain file "../lang/C/LC_MESSAGES/C.po" not found.
[01-Oct-2020 13:47:01 Europe/Berlin] 9
[01-Oct-2020 13:47:01 Europe/Berlin] 0:admin:sales_order_entry.php:748: Unhandled exception [0]: Call to a member function is_started() on null.
[01-Oct-2020 13:50:55 Europe/Berlin] 4 Domain file "../lang/C/LC_MESSAGES/C.po" not found.
[01-Oct-2020 13:50:57 Europe/Berlin] 4 Domain file "../lang/C/LC_MESSAGES/C.po" not found.
[01-Oct-2020 13:50:59 Europe/Berlin] 4 Domain file "../lang/C/LC_MESSAGES/C.po" not found.
[01-Oct-2020 13:50:59 Europe/Berlin] 0:admin:sales_order_entry.php:505: Unhandled exception [0]: Call to undefined function send_email_to_first_approver().
[01-Oct-2020 13:52:30 Europe/Berlin] 4 Domain file "../lang/C/LC_MESSAGES/C.po" not found.
[01-Oct-2020 13:52:30 Europe/Berlin] 0:admin:approve_quotation.php:6: include_once(../../includes/session.inc): failed to open stream: No such file or directory
[01-Oct-2020 13:52:30 Europe/Berlin] 0:admin:approve_quotation.php:6: include_once(): Failed opening '../../includes/session.inc' for inclusion (include_path='.;C:/laragon/etc/php/pear')
[01-Oct-2020 13:52:30 Europe/Berlin] 0:admin:approve_quotation.php:7: include_once(../../includes/ui.inc): failed to open stream: No such file or directory
[01-Oct-2020 13:52:30 Europe/Berlin] 0:admin:approve_quotation.php:7: include_once(): Failed opening '../../includes/ui.inc' for inclusion (include_path='.;C:/laragon/etc/php/pear')
[01-Oct-2020 13:52:30 Europe/Berlin] 0:admin:approve_quotation.php:8: include_once(../../admin/db/company_db.inc): failed to open stream: No such file or directory
[01-Oct-2020 13:52:30 Europe/Berlin] 0:admin:approve_quotation.php:8: include_once(): Failed opening '../../admin/db/company_db.inc' for inclusion (include_path='.;C:/laragon/etc/php/pear')
[01-Oct-2020 13:52:30 Europe/Berlin] 0:admin:approve_quotation.php:9: include_once(../../admin/db/users_db.inc): failed to open stream: No such file or directory
[01-Oct-2020 13:52:30 Europe/Berlin] 0:admin:approve_quotation.php:9: include_once(): Failed opening '../../admin/db/users_db.inc' for inclusion (include_path='.;C:/laragon/etc/php/pear')
[01-Oct-2020 13:52:30 Europe/Berlin] 0:admin:approve_quotation.php:10: include_once(../../admin/db/approvals_db.inc): failed to open stream: No such file or directory
[01-Oct-2020 13:52:30 Europe/Berlin] 0:admin:approve_quotation.php:10: include_once(): Failed opening '../../admin/db/approvals_db.inc' for inclusion (include_path='.;C:/laragon/etc/php/pear')
[01-Oct-2020 13:52:30 Europe/Berlin] 0:admin:approve_quotation.php:17: require(../../vendor/autoload.php): failed to open stream: No such file or directory
[01-Oct-2020 13:59:48 Europe/Berlin] 4 Domain file "../lang/C/LC_MESSAGES/C.po" not found.
[01-Oct-2020 13:59:48 Europe/Berlin] <b>DATABASE ERROR :</b> Could not retrieve approval status<br>error code : 1064<br>error message : You have an error in your SQL syntax; check the manual that corresponds to your MySQL server version for the right syntax to use near 'AND trans_type = )' at line 2<br>sql that failed was : SELECT approval_status
	FROM 0_sales_orders WHERE (order_no =  AND trans_type = )<br><br><br>
[01-Oct-2020 14:03:26 Europe/Berlin] 4 Domain file "../lang/C/LC_MESSAGES/C.po" not found.
[01-Oct-2020 14:03:49 Europe/Berlin] 4 Domain file "./lang/C/LC_MESSAGES/C.po" not found.
[01-Oct-2020 14:03:49 Europe/Berlin] 4 Domain file "./lang/C/LC_MESSAGES/C.po" not found.
[01-Oct-2020 14:03:52 Europe/Berlin] 4 Domain file "../../lang/C/LC_MESSAGES/C.po" not found.
[01-Oct-2020 14:03:55 Europe/Berlin] 4 Domain file "../../lang/C/LC_MESSAGES/C.po" not found.
[01-Oct-2020 14:03:57 Europe/Berlin] 4 Domain file "../../lang/C/LC_MESSAGES/C.po" not found.
[01-Oct-2020 14:04:01 Europe/Berlin] 4 Domain file "../../lang/C/LC_MESSAGES/C.po" not found.
[01-Oct-2020 14:04:56 Europe/Berlin] 4 Domain file "../../lang/C/LC_MESSAGES/C.po" not found.
[01-Oct-2020 14:15:34 Europe/Berlin] 4 Domain file "../../lang/C/LC_MESSAGES/C.po" not found.
[01-Oct-2020 14:15:37 Europe/Berlin] 4 Domain file "../../lang/C/LC_MESSAGES/C.po" not found.
[01-Oct-2020 14:15:37 Europe/Berlin] 4 Domain file "../../lang/C/LC_MESSAGES/C.po" not found.
[01-Oct-2020 14:15:37 Europe/Berlin] 4 Domain file "../../lang/C/LC_MESSAGES/C.po" not found.
[01-Oct-2020 14:15:37 Europe/Berlin] 4 Domain file "../../lang/C/LC_MESSAGES/C.po" not found.
[01-Oct-2020 14:15:39 Europe/Berlin] 4 Domain file "../../lang/C/LC_MESSAGES/C.po" not found.
[01-Oct-2020 14:15:42 Europe/Berlin] 4 Domain file "../../lang/C/LC_MESSAGES/C.po" not found.
[01-Oct-2020 14:20:20 Europe/Berlin] 4 Domain file "../lang/C/LC_MESSAGES/C.po" not found.
[01-Oct-2020 14:20:20 Europe/Berlin] 0:admin:approve_quotation.php:6: include_once(../../includes/session.inc): failed to open stream: No such file or directory
[01-Oct-2020 14:20:20 Europe/Berlin] 0:admin:approve_quotation.php:6: include_once(): Failed opening '../../includes/session.inc' for inclusion (include_path='.;C:/laragon/etc/php/pear')
[01-Oct-2020 14:20:20 Europe/Berlin] 0:admin:approve_quotation.php:7: include_once(../../includes/ui.inc): failed to open stream: No such file or directory
[01-Oct-2020 14:20:20 Europe/Berlin] 0:admin:approve_quotation.php:7: include_once(): Failed opening '../../includes/ui.inc' for inclusion (include_path='.;C:/laragon/etc/php/pear')
[01-Oct-2020 14:20:20 Europe/Berlin] 0:admin:approve_quotation.php:8: include_once(../../admin/db/company_db.inc): failed to open stream: No such file or directory
[01-Oct-2020 14:20:20 Europe/Berlin] 0:admin:approve_quotation.php:8: include_once(): Failed opening '../../admin/db/company_db.inc' for inclusion (include_path='.;C:/laragon/etc/php/pear')
[01-Oct-2020 14:20:20 Europe/Berlin] 0:admin:approve_quotation.php:9: include_once(../../admin/db/users_db.inc): failed to open stream: No such file or directory
[01-Oct-2020 14:20:20 Europe/Berlin] 0:admin:approve_quotation.php:9: include_once(): Failed opening '../../admin/db/users_db.inc' for inclusion (include_path='.;C:/laragon/etc/php/pear')
[01-Oct-2020 14:20:20 Europe/Berlin] 0:admin:approve_quotation.php:10: include_once(../../admin/db/approvals_db.inc): failed to open stream: No such file or directory
[01-Oct-2020 14:20:20 Europe/Berlin] 0:admin:approve_quotation.php:10: include_once(): Failed opening '../../admin/db/approvals_db.inc' for inclusion (include_path='.;C:/laragon/etc/php/pear')
[01-Oct-2020 14:20:20 Europe/Berlin] 0:admin:approve_quotation.php:17: require(../../vendor/autoload.php): failed to open stream: No such file or directory
[01-Oct-2020 14:20:48 Europe/Berlin] 4 Domain file "../lang/C/LC_MESSAGES/C.po" not found.
[01-Oct-2020 14:20:48 Europe/Berlin] 0:admin:approve_quotation.php:6: include_once(../../includes/session.inc): failed to open stream: No such file or directory
[01-Oct-2020 14:20:48 Europe/Berlin] 0:admin:approve_quotation.php:6: include_once(): Failed opening '../../includes/session.inc' for inclusion (include_path='.;C:/laragon/etc/php/pear')
[01-Oct-2020 14:20:48 Europe/Berlin] 0:admin:approve_quotation.php:7: include_once(../../includes/ui.inc): failed to open stream: No such file or directory
[01-Oct-2020 14:20:48 Europe/Berlin] 0:admin:approve_quotation.php:7: include_once(): Failed opening '../../includes/ui.inc' for inclusion (include_path='.;C:/laragon/etc/php/pear')
[01-Oct-2020 14:20:48 Europe/Berlin] 0:admin:approve_quotation.php:8: include_once(../../admin/db/company_db.inc): failed to open stream: No such file or directory
[01-Oct-2020 14:20:48 Europe/Berlin] 0:admin:approve_quotation.php:8: include_once(): Failed opening '../../admin/db/company_db.inc' for inclusion (include_path='.;C:/laragon/etc/php/pear')
[01-Oct-2020 14:20:48 Europe/Berlin] 0:admin:approve_quotation.php:9: include_once(../../admin/db/users_db.inc): failed to open stream: No such file or directory
[01-Oct-2020 14:20:48 Europe/Berlin] 0:admin:approve_quotation.php:9: include_once(): Failed opening '../../admin/db/users_db.inc' for inclusion (include_path='.;C:/laragon/etc/php/pear')
[01-Oct-2020 14:20:48 Europe/Berlin] 0:admin:approve_quotation.php:10: include_once(../../admin/db/approvals_db.inc): failed to open stream: No such file or directory
[01-Oct-2020 14:20:48 Europe/Berlin] 0:admin:approve_quotation.php:10: include_once(): Failed opening '../../admin/db/approvals_db.inc' for inclusion (include_path='.;C:/laragon/etc/php/pear')
[01-Oct-2020 14:20:48 Europe/Berlin] 0:admin:approve_quotation.php:17: require(../../vendor/autoload.php): failed to open stream: No such file or directory
[01-Oct-2020 14:21:28 Europe/Berlin] 4 Domain file "../lang/C/LC_MESSAGES/C.po" not found.
[01-Oct-2020 14:28:28 Europe/Berlin] 4 Domain file "../lang/C/LC_MESSAGES/C.po" not found.
[01-Oct-2020 14:28:28 Europe/Berlin] 0:admin:approve_quotation.php:6: include_once(../../includes/session.inc): failed to open stream: No such file or directory
[01-Oct-2020 14:28:28 Europe/Berlin] 0:admin:approve_quotation.php:6: include_once(): Failed opening '../../includes/session.inc' for inclusion (include_path='.;C:/laragon/etc/php/pear')
[01-Oct-2020 14:28:28 Europe/Berlin] 0:admin:approve_quotation.php:7: include_once(../../includes/ui.inc): failed to open stream: No such file or directory
[01-Oct-2020 14:28:28 Europe/Berlin] 0:admin:approve_quotation.php:7: include_once(): Failed opening '../../includes/ui.inc' for inclusion (include_path='.;C:/laragon/etc/php/pear')
[01-Oct-2020 14:28:28 Europe/Berlin] 0:admin:approve_quotation.php:8: include_once(../../admin/db/company_db.inc): failed to open stream: No such file or directory
[01-Oct-2020 14:28:28 Europe/Berlin] 0:admin:approve_quotation.php:8: include_once(): Failed opening '../../admin/db/company_db.inc' for inclusion (include_path='.;C:/laragon/etc/php/pear')
[01-Oct-2020 14:28:28 Europe/Berlin] 0:admin:approve_quotation.php:9: include_once(../../admin/db/users_db.inc): failed to open stream: No such file or directory
[01-Oct-2020 14:28:28 Europe/Berlin] 0:admin:approve_quotation.php:9: include_once(): Failed opening '../../admin/db/users_db.inc' for inclusion (include_path='.;C:/laragon/etc/php/pear')
[01-Oct-2020 14:28:28 Europe/Berlin] 0:admin:approve_quotation.php:10: include_once(../../admin/db/approvals_db.inc): failed to open stream: No such file or directory
[01-Oct-2020 14:28:28 Europe/Berlin] 0:admin:approve_quotation.php:10: include_once(): Failed opening '../../admin/db/approvals_db.inc' for inclusion (include_path='.;C:/laragon/etc/php/pear')
[01-Oct-2020 14:28:28 Europe/Berlin] 0:admin:approve_quotation.php:17: require(../../vendor/autoload.php): failed to open stream: No such file or directory
[01-Oct-2020 14:30:09 Europe/Berlin] 4 Domain file "../lang/C/LC_MESSAGES/C.po" not found.
[01-Oct-2020 14:37:01 Europe/Berlin] 4 Domain file "../lang/C/LC_MESSAGES/C.po" not found.
[01-Oct-2020 14:37:04 Europe/Berlin] 4 Domain file "../lang/C/LC_MESSAGES/C.po" not found.
[01-Oct-2020 14:37:08 Europe/Berlin] 4 Domain file "../lang/C/LC_MESSAGES/C.po" not found.
[01-Oct-2020 14:37:08 Europe/Berlin] 0:admin:sales_order_entry.php:715: Unhandled exception [0]: Class 'PHPMailer' not found.
[01-Oct-2020 14:37:52 Europe/Berlin] 4 Domain file "../lang/C/LC_MESSAGES/C.po" not found.
[01-Oct-2020 14:37:52 Europe/Berlin] 0:admin:sales_order_entry.php:267: Creating default object from empty value
[01-Oct-2020 14:37:52 Europe/Berlin] 0:admin:sales_order_entry.php:388: count(): Parameter must be an array or an object that implements Countable
[01-Oct-2020 14:37:52 Europe/Berlin] 0:admin:sales_order_entry.php:825: Unhandled exception [0]: Call to undefined method stdClass::is_started().
[01-Oct-2020 14:37:55 Europe/Berlin] 4 Domain file "../lang/C/LC_MESSAGES/C.po" not found.
[01-Oct-2020 14:37:59 Europe/Berlin] 4 Domain file "../../lang/C/LC_MESSAGES/C.po" not found.
[01-Oct-2020 14:38:04 Europe/Berlin] 4 Domain file "../lang/C/LC_MESSAGES/C.po" not found.
[01-Oct-2020 14:38:05 Europe/Berlin] 4 Domain file "../lang/C/LC_MESSAGES/C.po" not found.
[01-Oct-2020 14:38:07 Europe/Berlin] 4 Domain file "../lang/C/LC_MESSAGES/C.po" not found.
[01-Oct-2020 14:38:07 Europe/Berlin] 0:admin:sales_order_entry.php:718: Unhandled exception [0]: Class 'PHPMailer\PHPMailer\PHPMailer' not found.
[01-Oct-2020 14:41:24 Europe/Berlin] 4 Domain file "../lang/C/LC_MESSAGES/C.po" not found.
[01-Oct-2020 14:41:26 Europe/Berlin] 4 Domain file "../lang/C/LC_MESSAGES/C.po" not found.
[01-Oct-2020 14:41:27 Europe/Berlin] 4 Domain file "../lang/C/LC_MESSAGES/C.po" not found.
[01-Oct-2020 14:41:32 Europe/Berlin] 0:admin:sales_order_entry.php:827: Unhandled exception [0]: Call to a member function is_started() on null.
[01-Oct-2020 14:42:28 Europe/Berlin] 4 Domain file "../lang/C/LC_MESSAGES/C.po" not found.
[01-Oct-2020 14:42:30 Europe/Berlin] 4 Domain file "../lang/C/LC_MESSAGES/C.po" not found.
[01-Oct-2020 14:42:32 Europe/Berlin] 4 Domain file "../lang/C/LC_MESSAGES/C.po" not found.
[01-Oct-2020 14:42:37 Europe/Berlin] 4 Domain file "../lang/C/LC_MESSAGES/C.po" not found.
[01-Oct-2020 14:42:41 Europe/Berlin] 4 Domain file "../../lang/C/LC_MESSAGES/C.po" not found.
[01-Oct-2020 14:42:46 Europe/Berlin] 4 Domain file "../lang/C/LC_MESSAGES/C.po" not found.
[01-Oct-2020 14:42:46 Europe/Berlin] 4 Domain file "../lang/C/LC_MESSAGES/C.po" not found.
[01-Oct-2020 14:42:46 Europe/Berlin] 4 Domain file "../lang/C/LC_MESSAGES/C.po" not found.
[01-Oct-2020 14:42:46 Europe/Berlin] 4 Domain file "../lang/C/LC_MESSAGES/C.po" not found.
[01-Oct-2020 14:42:55 Europe/Berlin] 4 Domain file "../lang/C/LC_MESSAGES/C.po" not found.
[01-Oct-2020 14:42:55 Europe/Berlin] 4 Domain file "../lang/C/LC_MESSAGES/C.po" not found.
[01-Oct-2020 14:42:55 Europe/Berlin] 4 Domain file "../lang/C/LC_MESSAGES/C.po" not found.
[01-Oct-2020 14:42:55 Europe/Berlin] 4 Domain file "../lang/C/LC_MESSAGES/C.po" not found.
[01-Oct-2020 14:42:55 Europe/Berlin] 4 Domain file "../lang/C/LC_MESSAGES/C.po" not found.
[01-Oct-2020 14:42:57 Europe/Berlin] 4 Domain file "../lang/C/LC_MESSAGES/C.po" not found.
[01-Oct-2020 14:42:57 Europe/Berlin] 4 Domain file "../lang/C/LC_MESSAGES/C.po" not found.
[01-Oct-2020 14:48:15 Europe/Berlin] 4 Domain file "../../lang/C/LC_MESSAGES/C.po" not found.
[01-Oct-2020 14:48:15 Europe/Berlin] <b>DATABASE ERROR :</b> Could not retrieve approval status<br>error code : 1064<br>error message : You have an error in your SQL syntax; check the manual that corresponds to your MySQL server version for the right syntax to use near 'AND trans_type = )' at line 2<br>sql that failed was : SELECT approval_status
	FROM 0_sales_orders WHERE (order_no =  AND trans_type = )<br><br><br>
[01-Oct-2020 14:49:23 Europe/Berlin] 4 Domain file "../lang/C/LC_MESSAGES/C.po" not found.
[01-Oct-2020 14:49:24 Europe/Berlin] 4 Domain file "../lang/C/LC_MESSAGES/C.po" not found.
[01-Oct-2020 14:49:25 Europe/Berlin] 4 Domain file "../lang/C/LC_MESSAGES/C.po" not found.
[01-Oct-2020 14:49:33 Europe/Berlin] 4 Domain file "../lang/C/LC_MESSAGES/C.po" not found.
[01-Oct-2020 14:49:39 Europe/Berlin] 4 Domain file "../../lang/C/LC_MESSAGES/C.po" not found.
[01-Oct-2020 14:49:41 Europe/Berlin] 4 Domain file "../../lang/C/LC_MESSAGES/C.po" not found.
[01-Oct-2020 14:51:11 Europe/Berlin] 4 Domain file "../lang/C/LC_MESSAGES/C.po" not found.
[01-Oct-2020 14:51:13 Europe/Berlin] 4 Domain file "./lang/C/LC_MESSAGES/C.po" not found.
[01-Oct-2020 14:51:21 Europe/Berlin] 4 Domain file "./lang/C/LC_MESSAGES/C.po" not found.
[01-Oct-2020 14:51:21 Europe/Berlin] 4 Domain file "./lang/C/LC_MESSAGES/C.po" not found.
[01-Oct-2020 14:51:21 Europe/Berlin] 4 Domain file "./lang/C/LC_MESSAGES/C.po" not found.
[01-Oct-2020 14:51:21 Europe/Berlin] 4 Domain file "./lang/C/LC_MESSAGES/C.po" not found.
[01-Oct-2020 14:51:23 Europe/Berlin] 4 Domain file "./lang/C/LC_MESSAGES/C.po" not found.
[01-Oct-2020 14:51:23 Europe/Berlin] 4 Domain file "./lang/C/LC_MESSAGES/C.po" not found.
[01-Oct-2020 14:51:27 Europe/Berlin] 4 Domain file "../../lang/C/LC_MESSAGES/C.po" not found.
[01-Oct-2020 14:51:30 Europe/Berlin] 4 Domain file "../../lang/C/LC_MESSAGES/C.po" not found.
[01-Oct-2020 14:51:33 Europe/Berlin] 4 Domain file "../../lang/C/LC_MESSAGES/C.po" not found.
[01-Oct-2020 14:51:41 Europe/Berlin] 4 Domain file "./lang/C/LC_MESSAGES/C.po" not found.
[01-Oct-2020 14:51:47 Europe/Berlin] 4 Domain file "../lang/C/LC_MESSAGES/C.po" not found.
[01-Oct-2020 14:51:53 Europe/Berlin] 4 Domain file "./lang/C/LC_MESSAGES/C.po" not found.
[01-Oct-2020 14:51:56 Europe/Berlin] 4 Domain file "./lang/C/LC_MESSAGES/C.po" not found.
[01-Oct-2020 14:51:56 Europe/Berlin] 4 Domain file "./lang/C/LC_MESSAGES/C.po" not found.
[01-Oct-2020 14:51:56 Europe/Berlin] 4 Domain file "./lang/C/LC_MESSAGES/C.po" not found.
[01-Oct-2020 14:51:56 Europe/Berlin] 4 Domain file "./lang/C/LC_MESSAGES/C.po" not found.
[01-Oct-2020 14:51:58 Europe/Berlin] 4 Domain file "./lang/C/LC_MESSAGES/C.po" not found.
[01-Oct-2020 14:52:04 Europe/Berlin] 4 Domain file "../lang/C/LC_MESSAGES/C.po" not found.
[01-Oct-2020 14:52:09 Europe/Berlin] 4 Domain file "../lang/C/LC_MESSAGES/C.po" not found.
[01-Oct-2020 14:52:16 Europe/Berlin] 4 Domain file "../lang/C/LC_MESSAGES/C.po" not found.
[01-Oct-2020 14:52:18 Europe/Berlin] 4 Domain file "../lang/C/LC_MESSAGES/C.po" not found.
[01-Oct-2020 14:52:20 Europe/Berlin] 4 Domain file "./lang/C/LC_MESSAGES/C.po" not found.
[01-Oct-2020 14:52:24 Europe/Berlin] 4 Domain file "./lang/C/LC_MESSAGES/C.po" not found.
[01-Oct-2020 14:52:24 Europe/Berlin] 4 Domain file "./lang/C/LC_MESSAGES/C.po" not found.
[01-Oct-2020 14:52:24 Europe/Berlin] 4 Domain file "./lang/C/LC_MESSAGES/C.po" not found.
[01-Oct-2020 14:52:24 Europe/Berlin] 4 Domain file "./lang/C/LC_MESSAGES/C.po" not found.
[01-Oct-2020 14:52:30 Europe/Berlin] 4 Domain file "./lang/C/LC_MESSAGES/C.po" not found.
[01-Oct-2020 14:52:30 Europe/Berlin] 4 Domain file "./lang/C/LC_MESSAGES/C.po" not found.
[01-Oct-2020 14:52:32 Europe/Berlin] 4 Domain file "../../lang/C/LC_MESSAGES/C.po" not found.
[01-Oct-2020 14:52:35 Europe/Berlin] 4 Domain file "../../lang/C/LC_MESSAGES/C.po" not found.
[01-Oct-2020 14:52:37 Europe/Berlin] 4 Domain file "../../lang/C/LC_MESSAGES/C.po" not found.
[01-Oct-2020 14:52:43 Europe/Berlin] 4 Domain file "../lang/C/LC_MESSAGES/C.po" not found.
[01-Oct-2020 14:52:44 Europe/Berlin] 4 Domain file "./lang/C/LC_MESSAGES/C.po" not found.
[01-Oct-2020 14:52:57 Europe/Berlin] 4 Domain file "./lang/C/LC_MESSAGES/C.po" not found.
[01-Oct-2020 14:52:57 Europe/Berlin] 4 Domain file "./lang/C/LC_MESSAGES/C.po" not found.
[01-Oct-2020 14:52:57 Europe/Berlin] 4 Domain file "./lang/C/LC_MESSAGES/C.po" not found.
[01-Oct-2020 14:52:57 Europe/Berlin] 4 Domain file "./lang/C/LC_MESSAGES/C.po" not found.
[01-Oct-2020 14:53:02 Europe/Berlin] 4 Domain file "../../lang/C/LC_MESSAGES/C.po" not found.
[01-Oct-2020 14:53:03 Europe/Berlin] 4 Domain file "../../lang/C/LC_MESSAGES/C.po" not found.
[01-Oct-2020 14:53:08 Europe/Berlin] 4 Domain file "../../lang/C/LC_MESSAGES/C.po" not found.
[01-Oct-2020 14:54:17 Europe/Berlin] 4 Domain file "../../lang/C/LC_MESSAGES/C.po" not found.
[01-Oct-2020 14:58:45 Europe/Berlin] 4 Domain file "../../lang/C/LC_MESSAGES/C.po" not found.
[01-Oct-2020 14:58:53 Europe/Berlin] 4 Domain file "../../lang/C/LC_MESSAGES/C.po" not found.
[01-Oct-2020 14:58:53 Europe/Berlin] <b>DATABASE ERROR :</b> Could not finalize approval<br>error code : 1064<br>error message : You have an error in your SQL syntax; check the manual that corresponds to your MySQL server version for the right syntax to use near ')' at line 1<br>sql that failed was : UPDATE 0_sales_orders SET approval_status = '1' WHERE (trans_type = 32 AND order_no = )<br><br><br>
[01-Oct-2020 15:00:09 Europe/Berlin] 4 Domain file "../../lang/C/LC_MESSAGES/C.po" not found.
[01-Oct-2020 15:00:59 Europe/Berlin] 4 Domain file "../../lang/C/LC_MESSAGES/C.po" not found.
[01-Oct-2020 15:02:52 Europe/Berlin] 4 Domain file "../lang/C/LC_MESSAGES/C.po" not found.
[01-Oct-2020 15:02:57 Europe/Berlin] 4 Domain file "../lang/C/LC_MESSAGES/C.po" not found.
[01-Oct-2020 15:03:00 Europe/Berlin] 4 Domain file "../lang/C/LC_MESSAGES/C.po" not found.
[01-Oct-2020 15:03:01 Europe/Berlin] 4 Domain file "../lang/C/LC_MESSAGES/C.po" not found.
[01-Oct-2020 15:03:03 Europe/Berlin] 4 Domain file "../lang/C/LC_MESSAGES/C.po" not found.
[01-Oct-2020 15:03:08 Europe/Berlin] 4 Domain file "../lang/C/LC_MESSAGES/C.po" not found.
[01-Oct-2020 15:03:26 Europe/Berlin] 4 Domain file "../../lang/C/LC_MESSAGES/C.po" not found.
[01-Oct-2020 15:03:29 Europe/Berlin] 4 Domain file "../../lang/C/LC_MESSAGES/C.po" not found.
[01-Oct-2020 15:03:31 Europe/Berlin] 4 Domain file "../lang/C/LC_MESSAGES/C.po" not found.
[01-Oct-2020 15:03:33 Europe/Berlin] 4 Domain file "./lang/C/LC_MESSAGES/C.po" not found.
[01-Oct-2020 15:03:35 Europe/Berlin] 4 Domain file "./lang/C/LC_MESSAGES/C.po" not found.
[01-Oct-2020 15:03:35 Europe/Berlin] 4 Domain file "./lang/C/LC_MESSAGES/C.po" not found.
[01-Oct-2020 15:03:35 Europe/Berlin] 4 Domain file "./lang/C/LC_MESSAGES/C.po" not found.
[01-Oct-2020 15:03:35 Europe/Berlin] 4 Domain file "./lang/C/LC_MESSAGES/C.po" not found.
[01-Oct-2020 15:03:40 Europe/Berlin] 4 Domain file "../../lang/C/LC_MESSAGES/C.po" not found.
[01-Oct-2020 15:03:43 Europe/Berlin] 4 Domain file "../../lang/C/LC_MESSAGES/C.po" not found.
[01-Oct-2020 15:03:45 Europe/Berlin] 4 Domain file "../../lang/C/LC_MESSAGES/C.po" not found.
[01-Oct-2020 15:04:04 Europe/Berlin] 4 Domain file "../lang/C/LC_MESSAGES/C.po" not found.
[01-Oct-2020 15:04:05 Europe/Berlin] 4 Domain file "./lang/C/LC_MESSAGES/C.po" not found.
[01-Oct-2020 15:04:15 Europe/Berlin] 4 Domain file "./lang/C/LC_MESSAGES/C.po" not found.
[01-Oct-2020 15:04:16 Europe/Berlin] 4 Domain file "./lang/C/LC_MESSAGES/C.po" not found.
[01-Oct-2020 15:04:16 Europe/Berlin] 4 Domain file "./lang/C/LC_MESSAGES/C.po" not found.
[01-Oct-2020 15:04:16 Europe/Berlin] 4 Domain file "./lang/C/LC_MESSAGES/C.po" not found.
[01-Oct-2020 15:04:20 Europe/Berlin] 4 Domain file "../../lang/C/LC_MESSAGES/C.po" not found.
[01-Oct-2020 15:04:22 Europe/Berlin] 4 Domain file "../../lang/C/LC_MESSAGES/C.po" not found.
[01-Oct-2020 15:04:27 Europe/Berlin] 4 Domain file "../../lang/C/LC_MESSAGES/C.po" not found.
[01-Oct-2020 15:04:34 Europe/Berlin] 4 Domain file "../../lang/C/LC_MESSAGES/C.po" not found.
